2022-10-19 17:16:38:1638 [31merror[39m: [31mError liquidating position 0x9F920a92E7b602182a73E6Dae65Bac2d59a586fa : {"data":null}[39m
2022-10-19 17:16:43:1643 [31merror[39m: [31mError liquidating position 0xEE78655a585D2a46F05CD85C6A7898aC4Ae15D7c : {"data":null}[39m
2022-10-19 17:16:48:1648 [31merror[39m: [31mError liquidating position 0xC75417e8CA0a2579e7AA38c7dF1d8a690A2f450d : {"data":null}[39m
2022-10-19 17:16:53:1653 [31merror[39m: [31mError liquidating position 0x496A91de02f0ECCAD478EFb8949E85f47fF94b9A : {"data":null}[39m
2022-10-19 17:16:58:1658 [31merror[39m: [31mError liquidating position 0xfca09fe0E583F03C4c1e54B420a8F5Fa19974eC5 : {"data":null}[39m
2022-10-19 17:17:03:173 [31merror[39m: [31mError liquidating position 0x59e09F483B2c8e4aAcC8C08Cb5B6ee0d8b6A339B : {"data":null}[39m
2022-10-19 17:17:08:178 [31merror[39m: [31mError liquidating position 0xa4AE4bC5b396c6C30286522503e36Dba35BeB0Ca : {"data":null}[39m
2022-10-19 17:17:13:1713 [31merror[39m: [31mError liquidating position 0x63FD4F332DaE6c9549c3b45e6aA9a627f8a3Df18 : {"data":null}[39m
2022-10-19 17:17:18:1718 [31merror[39m: [31mError liquidating position 0xC722D930B23ffEE33b9816d3805c7bc1b6eb3F99 : {"data":null}[39m
2022-10-19 17:17:23:1723 [31merror[39m: [31mError liquidating position 0xf2a3d1BB0FDD0d52C41dfAa6d75DAD7Ce08A6173 : {"data":null}[39m
2022-10-19 17:17:28:1728 [31merror[39m: [31mError liquidating position 0x0FE472dDCa0ECCd43b085E0eA48cEB0e782C68Dd : {"data":null}[39m
2022-10-19 17:17:33:1733 [31merror[39m: [31mError liquidating position 0xe44AC4d7D5227345552Eb0856c35f7E5CeA51a7e : {"data":null}[39m
2022-10-19 17:17:38:1738 [31merror[39m: [31mError liquidating position 0x1A628A24089A45BD7179EDF485eee2D87a6F3833 : {"data":null}[39m
2022-10-19 17:17:43:1743 [31merror[39m: [31mError liquidating position 0xb4cB95ba6346f5d65f54b90bF6053598bb962D8F : {"data":null}[39m
2022-10-19 17:17:48:1748 [31merror[39m: [31mError liquidating position 0x0f0b54191185fd7D9f01757be69cec8E88F0c7ca : {"data":null}[39m
2022-10-19 17:17:53:1753 [31merror[39m: [31mError liquidating position 0x71d057fEb388Ddb13309Db5cEcA354de2a5a74AA : {"data":null}[39m
2022-10-19 17:17:58:1758 [31merror[39m: [31mError liquidating position 0xAdf3ffEdacD54e632496CA44E96AfB9379Edec22 : {"data":null}[39m
2022-10-19 17:18:03:183 [31merror[39m: [31mError liquidating position 0x22A1E88C86832759f931c735c026379f4a0c6289 : {"data":null}[39m
2022-10-19 17:18:08:188 [31merror[39m: [31mError liquidating position 0xBfdCaEb14523773BFcDC7A8FB8e3005d4EF7F48e : {"data":null}[39m
2022-10-19 17:18:13:1813 [31merror[39m: [31mError liquidating position 0x3b8384635f6fcf7AFA795d13E5369949c84aE58c : {"data":null}[39m
2022-10-19 17:18:18:1818 [31merror[39m: [31mError liquidating position 0x7aFDfB5a8bA86b20546EF702109ba233Fe33878A : {"data":null}[39m
2022-10-19 17:24:15:2415 [31merror[39m: [31mError liquidating position 0x9F920a92E7b602182a73E6Dae65Bac2d59a586fa : {"data":null}[39m
2022-10-19 17:24:20:2420 [31merror[39m: [31mError liquidating position 0xEE78655a585D2a46F05CD85C6A7898aC4Ae15D7c : {"data":null}[39m
2022-10-19 17:24:25:2425 [31merror[39m: [31mError liquidating position 0xC75417e8CA0a2579e7AA38c7dF1d8a690A2f450d : {"data":null}[39m
2022-10-19 17:24:30:2430 [31merror[39m: [31mError liquidating position 0x496A91de02f0ECCAD478EFb8949E85f47fF94b9A : {"data":null}[39m
2022-10-19 17:24:35:2435 [31merror[39m: [31mError liquidating position 0xfca09fe0E583F03C4c1e54B420a8F5Fa19974eC5 : {"data":null}[39m
2022-10-19 17:24:40:2440 [31merror[39m: [31mError liquidating position 0x59e09F483B2c8e4aAcC8C08Cb5B6ee0d8b6A339B : {"data":null}[39m
2022-10-19 17:24:45:2445 [31merror[39m: [31mError liquidating position 0xa4AE4bC5b396c6C30286522503e36Dba35BeB0Ca : {"data":null}[39m
2022-10-19 17:24:50:2450 [31merror[39m: [31mError liquidating position 0x63FD4F332DaE6c9549c3b45e6aA9a627f8a3Df18 : {"data":null}[39m
2022-10-19 17:24:55:2455 [31merror[39m: [31mError liquidating position 0xC722D930B23ffEE33b9816d3805c7bc1b6eb3F99 : {"data":null}[39m
2022-10-19 17:25:00:250 [31merror[39m: [31mError liquidating position 0xf2a3d1BB0FDD0d52C41dfAa6d75DAD7Ce08A6173 : {"data":null}[39m
2022-10-19 17:25:05:255 [31merror[39m: [31mError liquidating position 0x0FE472dDCa0ECCd43b085E0eA48cEB0e782C68Dd : {"data":null}[39m
2022-10-19 17:25:10:2510 [31merror[39m: [31mError liquidating position 0xe44AC4d7D5227345552Eb0856c35f7E5CeA51a7e : {"data":null}[39m
2022-10-19 17:25:15:2515 [31merror[39m: [31mError liquidating position 0x1A628A24089A45BD7179EDF485eee2D87a6F3833 : {"data":null}[39m
2022-10-19 17:25:20:2520 [31merror[39m: [31mError liquidating position 0xb4cB95ba6346f5d65f54b90bF6053598bb962D8F : {"data":null}[39m
2022-10-19 17:25:25:2525 [31merror[39m: [31mError liquidating position 0x0f0b54191185fd7D9f01757be69cec8E88F0c7ca : {"data":null}[39m
2022-10-19 17:25:30:2530 [31merror[39m: [31mError liquidating position 0x71d057fEb388Ddb13309Db5cEcA354de2a5a74AA : {"data":null}[39m
2022-10-19 17:25:35:2535 [31merror[39m: [31mError liquidating position 0xAdf3ffEdacD54e632496CA44E96AfB9379Edec22 : {"data":null}[39m
2022-10-19 17:25:40:2540 [31merror[39m: [31mError liquidating position 0x22A1E88C86832759f931c735c026379f4a0c6289 : {"data":null}[39m
2022-10-19 17:25:45:2545 [31merror[39m: [31mError liquidating position 0xBfdCaEb14523773BFcDC7A8FB8e3005d4EF7F48e : {"data":null}[39m
2022-10-19 17:25:50:2550 [31merror[39m: [31mError liquidating position 0x3b8384635f6fcf7AFA795d13E5369949c84aE58c : {"data":null}[39m
2022-10-19 17:25:55:2555 [31merror[39m: [31mError liquidating position 0x7aFDfB5a8bA86b20546EF702109ba233Fe33878A : {"data":null}[39m
2022-10-19 17:26:00:260 [31merror[39m: [31mError liquidating position 0x837D3c922ec11a5f5826024B7b69Ee5c7D2769D8 : {"data":null}[39m
2022-10-19 17:26:05:265 [31merror[39m: [31mError liquidating position 0xF9b5196337611A34302F6EFEFc90D63533218C92 : {"data":null}[39m
2022-10-19 17:26:10:2610 [31merror[39m: [31mError liquidating position 0xf388981E2431863d9993d28bFFDd3dafEb54c123 : {"data":null}[39m
2022-10-19 17:33:01:331 [31merror[39m: [31mError in setupLiquidationEngine: Error: Returned error: You are not authorized to make this request: eth_sendTransaction[39m
2022-10-20 17:41:10:4110 [31merror[39m: [31mError in setupLiquidationEngine: Error: Returned error: The method eth_sendTransaction does not exist/is not available[39m
2022-10-27 16:50:38:5038 [31merror[39m: [31mError in setupLiquidationEngine: Error: Returned error: The method eth_sendTransaction does not exist/is not available[39m
2022-10-27 18:30:28:3028 [31merror[39m: [31mError in setupLiquidationEngine: Error: Returned error: The method eth_sendTransaction does not exist/is not available[39m
2022-10-28 10:48:46:4846 [31merror[39m: [31mError in setupLiquidationEngine: Error: Returned error: The method eth_sendTransaction does not exist/is not available[39m
2022-10-28 10:54:10:5410 [31merror[39m: [31mError liquidating position 0x4fbdb2bf65abbaf38ce10e231a3ae9290e4ebff2 : {"data":null}[39m
2022-10-28 10:54:15:5415 [31merror[39m: [31mError liquidating position 0x89230c2eecc6fdcc86de8cec891e6427919584b9 : {"data":null}[39m
2022-10-28 11:02:30:230 [31merror[39m: [31mError in setupLiquidationEngine: Error: Returned error: You are not authorized to make this request: eth_sendTransaction[39m
2022-10-28 11:02:44:244 [31merror[39m: [31mError liquidating position 0x4fbdb2bf65abbaf38ce10e231a3ae9290e4ebff2 : {"data":null}[39m
2022-10-28 11:02:49:249 [31merror[39m: [31mError liquidating position 0x89230c2eecc6fdcc86de8cec891e6427919584b9 : {"data":null}[39m
2022-10-28 11:04:04:44 [31merror[39m: [31mError liquidating position 0x4fbdb2bf65abbaf38ce10e231a3ae9290e4ebff2 : {"data":null}[39m
2022-10-28 11:04:09:49 [31merror[39m: [31mError liquidating position 0x89230c2eecc6fdcc86de8cec891e6427919584b9 : {"data":null}[39m
