2022-10-19 14:42:23:4223 [32minfo[39m: [32m#### MongoDB URL : mongodb+srv://fathombot:fathom@123@cluster0.p8ubklu.mongodb.net/?retryWrites=true&w=majority ###[39m
2022-10-19 14:42:23:4223 [37mdebug[39m: [37mConnected to worker IPC[39m
2022-10-19 14:42:23:4223 [37mdebug[39m: [37mSearching for positions...[39m
2022-10-19 14:42:23:4223 [37mdebug[39m: [37mFetching positions at index 1...[39m
2022-10-19 14:42:24:4224 [37mdebug[39m: [37mFetching positions at index 21...[39m
2022-10-19 14:42:24:4224 [37mdebug[39m: [37mFetching positions at index 41...[39m
2022-10-19 14:42:24:4224 [37mdebug[39m: [37mFetching positions at index 61...[39m
2022-10-19 14:42:25:4225 [37mdebug[39m: [37mPosition1 address : 0xD0FdE3349a9745C52d96C332a4f80AA9696C65ed, poolId: 0x5758444300000000000000000000000000000000000000000000000000000000, debtShare: 10000000000000000000, safetyBuffer: 65170403788298401145112781954000000000000000000[39m
2022-10-19 14:42:25:4225 [37mdebug[39m: [37mFetching positions at index 81...[39m
2022-10-19 14:42:25:4225 [37mdebug[39m: [37mFetching positions at index 101...[39m
2022-10-19 14:42:25:4225 [37mdebug[39m: [37mPosition7 address : 0xaFbE45E491941f60FFeB62cf74e334047DD3c9e5, poolId: 0x5758444300000000000000000000000000000000000000000000000000000000, debtShare: 744000000000000000000, safetyBuffer: 7704037882984011451127819540000000000000000000[39m
2022-10-19 14:42:25:4225 [37mdebug[39m: [37mPosition9 address : 0xABe17172040f24253011cF325D7293e5e36F5988, poolId: 0x555344542d535441424c45000000000000000000000000000000000000000000, debtShare: 4000000000000000000, safetyBuffer: 2000000000000000000000000000000000000000000000[39m
2022-10-19 14:42:25:4225 [37mdebug[39m: [37mFetching positions at index 121...[39m
2022-10-19 14:42:26:4226 [37mdebug[39m: [37mFetching positions at index 141...[39m
2022-10-19 14:42:26:4226 [37mdebug[39m: [37mFetching positions at index 161...[39m
2022-10-19 14:42:52:4252 [32minfo[39m: [32m#### MongoDB URL : mongodb+srv://fathombot:fathom@123@cluster0.p8ubklu.mongodb.net/?retryWrites=true&w=majority ###[39m
2022-10-19 14:42:52:4252 [37mdebug[39m: [37mConnected to worker IPC[39m
2022-10-19 14:42:52:4252 [37mdebug[39m: [37mSearching for positions...[39m
2022-10-19 14:42:52:4252 [37mdebug[39m: [37mFetching positions at index 1...[39m
2022-10-19 14:42:53:4253 [37mdebug[39m: [37mPosition0 address : 0x9F920a92E7b602182a73E6Dae65Bac2d59a586fa, poolId: 0x5758444300000000000000000000000000000000000000000000000000000000, debtShare: 0, safetyBuffer: 7517040378829840113007870119634031977097744360920[39m
2022-10-19 14:42:53:4253 [37mdebug[39m: [37mPosition1 address : 0xEE78655a585D2a46F05CD85C6A7898aC4Ae15D7c, poolId: 0x5758444300000000000000000000000000000000000000000000000000000000, debtShare: 0, safetyBuffer: 3006816151531936045052807240277015988548872180460[39m
2022-10-19 14:42:53:4253 [37mdebug[39m: [37mPosition2 address : 0xC75417e8CA0a2579e7AA38c7dF1d8a690A2f450d, poolId: 0x555344542d535441424c45000000000000000000000000000000000000000000, debtShare: 0, safetyBuffer: 99999999999999999934000000000000000000000000000[39m
2022-10-19 14:42:53:4253 [37mdebug[39m: [37mPosition3 address : 0x496A91de02f0ECCAD478EFb8949E85f47fF94b9A, poolId: 0x5758444300000000000000000000000000000000000000000000000000000000, debtShare: 0, safetyBuffer: 7517040378829840111504462043868063954195488721840[39m
2022-10-19 14:42:53:4253 [37mdebug[39m: [37mPosition4 address : 0xfca09fe0E583F03C4c1e54B420a8F5Fa19974eC5, poolId: 0x555344542d535441424c45000000000000000000000000000000000000000000, debtShare: 0, safetyBuffer: 99999999999999999941000000000000000000000000000[39m
2022-10-19 14:42:53:4253 [37mdebug[39m: [37mPosition5 address : 0x59e09F483B2c8e4aAcC8C08Cb5B6ee0d8b6A339B, poolId: 0x5758444300000000000000000000000000000000000000000000000000000000, debtShare: 0, safetyBuffer: 7517040378829840110752758005985079942744360902300[39m
2022-10-19 14:42:53:4253 [37mdebug[39m: [37mPosition6 address : 0xa4AE4bC5b396c6C30286522503e36Dba35BeB0Ca, poolId: 0x555344542d535441424c45000000000000000000000000000000000000000000, debtShare: 0, safetyBuffer: 99999999999999999946000000000000000000000000000[39m
2022-10-19 14:42:53:4253 [37mdebug[39m: [37mPosition7 address : 0x63FD4F332DaE6c9549c3b45e6aA9a627f8a3Df18, poolId: 0x5758444300000000000000000000000000000000000000000000000000000000, debtShare: 0, safetyBuffer: 7517040378829840112256166081751047965646616541380[39m
2022-10-19 14:42:53:4253 [37mdebug[39m: [37mPosition8 address : 0xC722D930B23ffEE33b9816d3805c7bc1b6eb3F99, poolId: 0x5758444300000000000000000000000000000000000000000000000000000000, debtShare: 0, safetyBuffer: 7517040378829840112256166081751047965646616541380[39m
2022-10-19 14:42:53:4253 [37mdebug[39m: [37mPosition9 address : 0xf2a3d1BB0FDD0d52C41dfAa6d75DAD7Ce08A6173, poolId: 0x5758444300000000000000000000000000000000000000000000000000000000, debtShare: 0, safetyBuffer: 7517040378829840110752758005985079942744360902300[39m
2022-10-19 14:42:53:4253 [37mdebug[39m: [37mPosition10 address : 0x0FE472dDCa0ECCd43b085E0eA48cEB0e782C68Dd, poolId: 0x5758444300000000000000000000000000000000000000000000000000000000, debtShare: 0, safetyBuffer: 7517040378829840113007870119634031977097744360920[39m
2022-10-19 14:42:53:4253 [37mdebug[39m: [37mPosition11 address : 0xe44AC4d7D5227345552Eb0856c35f7E5CeA51a7e, poolId: 0x5758444300000000000000000000000000000000000000000000000000000000, debtShare: 0, safetyBuffer: 7517040378829840110752758005985079942744360902300[39m
2022-10-19 14:42:53:4253 [37mdebug[39m: [37mPosition12 address : 0x1A628A24089A45BD7179EDF485eee2D87a6F3833, poolId: 0x5758444300000000000000000000000000000000000000000000000000000000, debtShare: 0, safetyBuffer: 7517040378829840111504462043868063954195488721840[39m
2022-10-19 14:42:53:4253 [37mdebug[39m: [37mPosition13 address : 0xb4cB95ba6346f5d65f54b90bF6053598bb962D8F, poolId: 0x555344542d535441424c45000000000000000000000000000000000000000000, debtShare: 0, safetyBuffer: 98999999999999999934000000000000000000000000000[39m
2022-10-19 14:42:53:4253 [37mdebug[39m: [37mPosition14 address : 0x0f0b54191185fd7D9f01757be69cec8E88F0c7ca, poolId: 0x5758444300000000000000000000000000000000000000000000000000000000, debtShare: 0, safetyBuffer: 7517040378829840109249349930219111919842105263220[39m
2022-10-19 14:42:53:4253 [37mdebug[39m: [37mPosition15 address : 0x71d057fEb388Ddb13309Db5cEcA354de2a5a74AA, poolId: 0x555344542d535441424c45000000000000000000000000000000000000000000, debtShare: 0, safetyBuffer: 99999999999999999930000000000000000000000000000[39m
2022-10-19 14:42:53:4253 [37mdebug[39m: [37mPosition16 address : 0xAdf3ffEdacD54e632496CA44E96AfB9379Edec22, poolId: 0x555344542d535441424c45000000000000000000000000000000000000000000, debtShare: 0, safetyBuffer: 99999999999999999930000000000000000000000000000[39m
2022-10-19 14:42:53:4253 [37mdebug[39m: [37mPosition17 address : 0x22A1E88C86832759f931c735c026379f4a0c6289, poolId: 0x5758444300000000000000000000000000000000000000000000000000000000, debtShare: 0, safetyBuffer: 7517040378829840111504462043868063954195488721840[39m
2022-10-19 14:42:53:4253 [37mdebug[39m: [37mPosition18 address : 0xBfdCaEb14523773BFcDC7A8FB8e3005d4EF7F48e, poolId: 0x555344542d535441424c45000000000000000000000000000000000000000000, debtShare: 0, safetyBuffer: 99999999999999999960000000000000000000000000000[39m
2022-10-19 14:42:53:4253 [37mdebug[39m: [37mPosition19 address : 0x3b8384635f6fcf7AFA795d13E5369949c84aE58c, poolId: 0x5758444300000000000000000000000000000000000000000000000000000000, debtShare: 0, safetyBuffer: 7517040378829840110752758005985079942744360902300[39m
2022-10-19 14:42:53:4253 [37mdebug[39m: [37mFetching positions at index 21...[39m
2022-10-19 14:42:53:4253 [37mdebug[39m: [37mPosition0 address : 0x7aFDfB5a8bA86b20546EF702109ba233Fe33878A, poolId: 0x5758444300000000000000000000000000000000000000000000000000000000, debtShare: 0, safetyBuffer: 2480623325013847236134972921139435174807518797012[39m
2022-10-19 14:42:53:4253 [37mdebug[39m: [37mPosition1 address : 0x837D3c922ec11a5f5826024B7b69Ee5c7D2769D8, poolId: 0x5758444300000000000000000000000000000000000000000000000000000000, debtShare: 0, safetyBuffer: 7517040378829840111504462043868063954195488721840[39m
2022-10-19 14:42:53:4253 [37mdebug[39m: [37mPosition2 address : 0xF9b5196337611A34302F6EFEFc90D63533218C92, poolId: 0x5758444300000000000000000000000000000000000000000000000000000000, debtShare: 0, safetyBuffer: 7517040378829840112256166081751047965646616541380[39m
2022-10-19 14:42:53:4253 [37mdebug[39m: [37mPosition3 address : 0xf388981E2431863d9993d28bFFDd3dafEb54c123, poolId: 0x555344542d535441424c45000000000000000000000000000000000000000000, debtShare: 0, safetyBuffer: 99999999999999999958000000000000000000000000000[39m
2022-10-19 14:42:53:4253 [37mdebug[39m: [37mPosition4 address : 0x12bA35aC556997b228aFDDB5087b8cE048070b4c, poolId: 0x5758444300000000000000000000000000000000000000000000000000000000, debtShare: 0, safetyBuffer: 7441869975041541710885542088432152762211278195518[39m
2022-10-19 14:42:53:4253 [37mdebug[39m: [37mPosition5 address : 0x3d016b18aDBE9192Cc136f3CA61A66EB3fba1A1d, poolId: 0x555344542d535441424c45000000000000000000000000000000000000000000, debtShare: 0, safetyBuffer: 98999999999999999934000000000000000000000000000[39m
2022-10-19 14:42:53:4253 [37mdebug[39m: [37mPosition6 address : 0x0Cf5A2fbBd09E8FdfD2bB2D4c23Ee7FCA18dE836, poolId: 0x5758444300000000000000000000000000000000000000000000000000000000, debtShare: 0, safetyBuffer: 7517040378829840111504462043868063954195488721840[39m
2022-10-19 14:42:53:4253 [37mdebug[39m: [37mPosition7 address : 0x8399c65Cb371B833bc9fDCD669D59211326a3754, poolId: 0x555344542d535441424c45000000000000000000000000000000000000000000, debtShare: 0, safetyBuffer: 99999999999999999930000000000000000000000000000[39m
2022-10-19 14:42:53:4253 [37mdebug[39m: [37mPosition8 address : 0x593F253AF6D9DeC51266abb39830CdA5bC341bC6, poolId: 0x555344542d535441424c45000000000000000000000000000000000000000000, debtShare: 0, safetyBuffer: 59999999999999999970000000000000000000000000000[39m
2022-10-19 14:42:53:4253 [37mdebug[39m: [37mPosition9 address : 0xf84c065e04c0201750c221E3A13bD1991dA9b749, poolId: 0x555344542d535441424c45000000000000000000000000000000000000000000, debtShare: 0, safetyBuffer: 99999999999999999930000000000000000000000000000[39m
2022-10-19 14:42:53:4253 [37mdebug[39m: [37mPosition10 address : 0x3a31E8A55F642F848cb6A614fADd751E072032bD, poolId: 0x5758444300000000000000000000000000000000000000000000000000000000, debtShare: 0, safetyBuffer: 7517040378829840110752758005985079942744360902300[39m
2022-10-19 14:42:53:4253 [37mdebug[39m: [37mPosition11 address : 0xf8cEa5C58c0d10273EbC6a326af4a5989df69Bc1, poolId: 0x5758444300000000000000000000000000000000000000000000000000000000, debtShare: 0, safetyBuffer: 7517040378829840111504462043868063954195488721840[39m
2022-10-19 14:42:53:4253 [37mdebug[39m: [37mPosition12 address : 0x578B36Adb79f8676e37C72cb25448A04d9CC08cc, poolId: 0x5758444300000000000000000000000000000000000000000000000000000000, debtShare: 0, safetyBuffer: 7510275042488893256829639565469873575952631578966[39m
2022-10-19 14:42:53:4253 [37mdebug[39m: [37mPosition13 address : 0x58b47A45afC756FA8A1109Fd5d7301cD2a7e36E4, poolId: 0x555344542d535441424c45000000000000000000000000000000000000000000, debtShare: 0, safetyBuffer: 88999999999999999971000000000000000000000000000[39m
2022-10-19 14:42:53:4253 [37mdebug[39m: [37mPosition14 address : 0x546C0c7ef19601DDf43fC4CBB013fBd27dC367bc, poolId: 0x5758444300000000000000000000000000000000000000000000000000000000, debtShare: 0, safetyBuffer: 7517040378829840111504462043868063954195488721840[39m
2022-10-19 14:42:53:4253 [37mdebug[39m: [37mPosition15 address : 0x8736808E043fcC2b19723f6EAf30d496827475D1, poolId: 0x5758444300000000000000000000000000000000000000000000000000000000, debtShare: 0, safetyBuffer: 7517040378829840110752758005985079942744360902300[39m
2022-10-19 14:42:53:4253 [37mdebug[39m: [37mPosition16 address : 0x632B2d27c006d3309DC2d472777c52Dedfe0EeCf, poolId: 0x555344542d535441424c45000000000000000000000000000000000000000000, debtShare: 0, safetyBuffer: 99999999999999999950000000000000000000000000000[39m
2022-10-19 14:42:53:4253 [37mdebug[39m: [37mPosition17 address : 0xbEa841e29269416EA429E93ea06d370b4950c163, poolId: 0x5758444300000000000000000000000000000000000000000000000000000000, debtShare: 0, safetyBuffer: 7508771634413127288957078117407390378242857142874[39m
2022-10-19 14:42:53:4253 [37mdebug[39m: [37mPosition18 address : 0x3aac58bAF8AefEdE45D44A4A003B7b4c590C3415, poolId: 0x555344542d535441424c45000000000000000000000000000000000000000000, debtShare: 0, safetyBuffer: 23999999999999999996000000000000000000000000000[39m
2022-10-19 14:42:53:4253 [37mdebug[39m: [37mPosition19 address : 0x461F1526A2854997BEddac3B4C0068AfC6CDd6A5, poolId: 0x5758444300000000000000000000000000000000000000000000000000000000, debtShare: 0, safetyBuffer: 6765336340946856099827823012963168750760150375978[39m
2022-10-19 14:42:53:4253 [37mdebug[39m: [37mFetching positions at index 41...[39m
2022-10-19 14:42:54:4254 [37mdebug[39m: [37mPosition0 address : 0xD05ddEed0C45e8A81068d8EE0b3F1e5cFc3018b4, poolId: 0x555344542d535441424c45000000000000000000000000000000000000000000, debtShare: 0, safetyBuffer: 50999999999999999995000000000000000000000000000[39m
2022-10-19 14:42:54:4254 [37mdebug[39m: [37mPosition1 address : 0x676E9deF12BCA2F6560379ac87103606EF22dae0, poolId: 0x5758444300000000000000000000000000000000000000000000000000000000, debtShare: 0, safetyBuffer: 7500502889996414463778730058356272762211278195518[39m
2022-10-19 14:42:54:4254 [37mdebug[39m: [37mPosition2 address : 0x6AF31D664E8cfDc14316cE1eB2cbcBdBA5b2D04A, poolId: 0x555344542d535441424c45000000000000000000000000000000000000000000, debtShare: 0, safetyBuffer: 99999999999999999950000000000000000000000000000[39m
2022-10-19 14:42:54:4254 [37mdebug[39m: [37mPosition3 address : 0xDE4576ef62375F456Ca1D820C0D77cac3e0Acd48, poolId: 0x555344542d535441424c45000000000000000000000000000000000000000000, debtShare: 0, safetyBuffer: 4999999999999999995000000000000000000000000000[39m
2022-10-19 14:42:54:4254 [37mdebug[39m: [37mPosition4 address : 0x237583caBBDD8B8587DB3De86B5Dfc3c77e19811, poolId: 0x5758444300000000000000000000000000000000000000000000000000000000, debtShare: 0, safetyBuffer: 7502006298072180430523735449594279942744360902300[39m
2022-10-19 14:42:54:4254 [37mdebug[39m: [37mPosition5 address : 0x0383cadE597c9a67b9e64f498d257d641716AfaA, poolId: 0x5758444300000000000000000000000000000000000000000000000000000000, debtShare: 0, safetyBuffer: 7517040378829840111504462043868063954195488721840[39m
2022-10-19 14:42:54:4254 [37mdebug[39m: [37mPosition6 address : 0x24E63e81A7BfcB90dF6B6D9b9067f76422789178, poolId: 0x5758444300000000000000000000000000000000000000000000000000000000, debtShare: 0, safetyBuffer: 7477040378829840114950553376109377405297443919304[39m
2022-10-19 14:42:54:4254 [37mdebug[39m: [37mPosition7 address : 0xE3BE1d1438AA4A45406Ec6DBaC4dB733fee5B221, poolId: 0x5758444300000000000000000000000000000000000000000000000000000000, debtShare: 0, safetyBuffer: 7517040378829840112030654870386152762211278195518[39m
2022-10-19 14:42:54:4254 [37mdebug[39m: [37mPosition8 address : 0xa6514c5aFE66062a66b5C612cAEf30B92A3131D0, poolId: 0x5758444300000000000000000000000000000000000000000000000000000000, debtShare: 0, safetyBuffer: 7517040378829840110376905987043587937018796992530000[39m
2022-10-19 14:42:54:4254 [37mdebug[39m: [37mPosition9 address : 0xf134eF1f226a2212AF7D601c8F42AD55E4dAcE90, poolId: 0x555344542d535441424c45000000000000000000000000000000000000000000, debtShare: 0, safetyBuffer: 9999999999999999997000000000000000000000000000[39m
2022-10-19 14:42:54:4254 [37mdebug[39m: [37mPosition10 address : 0x390363Bec5cae5bEBc966E7EaCEeE3ca97F766B9, poolId: 0x555344542d535441424c45000000000000000000000000000000000000000000, debtShare: 0, safetyBuffer: 9999999999999999997000000000000000000000000000000[39m
2022-10-19 14:42:54:4254 [37mdebug[39m: [37mPosition11 address : 0xbE9eFE5016C5FD1216434F13B44fd0b8b7081A55, poolId: 0x5758444300000000000000000000000000000000000000000000000000000000, debtShare: 0, safetyBuffer: 75170403788298401145112406101981058507994274436090230[39m
2022-10-19 14:42:54:4254 [37mdebug[39m: [37mPosition12 address : 0x31AE46C5951C197cB2B160C105Af3bc29f20391c, poolId: 0x5758444300000000000000000000000000000000000000000000000000000000, debtShare: 0, safetyBuffer: 75170403788298401145112406101981058507994274436090230[39m
2022-10-19 14:42:54:4254 [37mdebug[39m: [37mPosition13 address : 0xb41A007271e994120BD7b274c361afb81A50509F, poolId: 0x555344542d535441424c45000000000000000000000000000000000000000000, debtShare: 0, safetyBuffer: 14999999999999999990000000000000000000000000000[39m
2022-10-19 14:42:54:4254 [37mdebug[39m: [37mPosition14 address : 0x5EE3Eed1E3F83Ad9bBA7E813c8Adf95951be47C5, poolId: 0x5758444300000000000000000000000000000000000000000000000000000000, debtShare: 0, safetyBuffer: 1122556056824476016893334309851329370509172971120[39m
2022-10-19 14:42:54:4254 [37mdebug[39m: [37mPosition15 address : 0x4C8B2D8b633376451892F023ee13617187836985, poolId: 0x555344542d535441424c45000000000000000000000000000000000000000000, debtShare: 0, safetyBuffer: 8669999999999999996000000000000000000000000000[39m
2022-10-19 14:42:54:4254 [37mdebug[39m: [37mPosition16 address : 0x24e031E772886A0f27e5A4a5e189d1CcA54F9DDe, poolId: 0x5758444300000000000000000000000000000000000000000000000000000000, debtShare: 0, safetyBuffer: 1503408075765968022526403620138507994274436090230[39m
2022-10-19 14:42:54:4254 [37mdebug[39m: [37mPosition17 address : 0x9572D26549396928585FEC1DEa179784fD2ef62C, poolId: 0x5758444300000000000000000000000000000000000000000000000000000000, debtShare: 0, safetyBuffer: 66170403788298401010921445869884872642075257786[39m
2022-10-19 14:42:54:4254 [37mdebug[39m: [37mPosition18 address : 0x7dA8abaFB4449eE5B736AE9944396cd0A3F06f47, poolId: 0x5758444300000000000000000000000000000000000000000000000000000000, debtShare: 0, safetyBuffer: 55170403788298402266795217768269516390075343100[39m
2022-10-19 14:42:54:4254 [37mdebug[39m: [37mPosition19 address : 0xD258f07fb790e7f750A6775D6dc0AD5145406e85, poolId: 0x555344542d535441424c45000000000000000000000000000000000000000000, debtShare: 0, safetyBuffer: 99999999999999999950000000000000000000000000000[39m
2022-10-19 14:42:54:4254 [37mdebug[39m: [37mFetching positions at index 61...[39m
2022-10-19 14:42:54:4254 [37mdebug[39m: [37mPosition0 address : 0x39c5Ef87671eE83F007399268b067d5cB14e7d13, poolId: 0x5758444300000000000000000000000000000000000000000000000000000000, debtShare: 0, safetyBuffer: 3758520189414920049738598718870159885488721804600[39m
2022-10-19 14:42:54:4254 [37mdebug[39m: [37mPosition1 address : 0xD0FdE3349a9745C52d96C332a4f80AA9696C65ed, poolId: 0x5758444300000000000000000000000000000000000000000000000000000000, debtShare: 10000000000000000000, safetyBuffer: 65170403788298401145112781954000000000000000000[39m
2022-10-19 14:42:54:4254 [37mdebug[39m: [37mPosition2 address : 0x4660438C2f29d9e99273327b634C9FBE40Dfab15, poolId: 0x5758444300000000000000000000000000000000000000000000000000000000, debtShare: 0, safetyBuffer: 0[39m
2022-10-19 14:42:54:4254 [37mdebug[39m: [37mPosition3 address : 0x469D25Df4f934d18aaC780faC7d604FB1c6f3050, poolId: 0x555344542d535441424c45000000000000000000000000000000000000000000, debtShare: 0, safetyBuffer: 24812000000000000000000000000000000000000000000000[39m
2022-10-19 14:42:54:4254 [37mdebug[39m: [37mPosition4 address : 0x5c8fb0d785D4355caA76057D9B4Dd0dADA517C83, poolId: 0x5758444300000000000000000000000000000000000000000000000000000000, debtShare: 0, safetyBuffer: 2255112113648951959182979670321598854887218046000[39m
2022-10-19 14:42:54:4254 [37mdebug[39m: [37mPosition5 address : 0x35743Cc31559b262b2fbD71A1c0Df80a62F3A429, poolId: 0x5758444300000000000000000000000000000000000000000000000000000000, debtShare: 0, safetyBuffer: 75170403788298401069942378165701598854887218046[39m
2022-10-19 14:42:54:4254 [37mdebug[39m: [37mPosition6 address : 0x5c3E6a97d911aBbfCEfb1545CF6ea9E839d10631, poolId: 0x5758444300000000000000000000000000000000000000000000000000000000, debtShare: 0, safetyBuffer: 2255112113648951959182979670321598854887218046000[39m
2022-10-19 14:42:54:4254 [37mdebug[39m: [37mPosition7 address : 0xAE7aEE8004C82F04927A42D0EE33ED74deB4d455, poolId: 0x555344542d535441424c45000000000000000000000000000000000000000000, debtShare: 0, safetyBuffer: 50000000000000000000000000000000000000000000000[39m
2022-10-19 14:42:54:4254 [37mdebug[39m: [37mPosition8 address : 0x593870f4d7bEAFDc0B7daCC59d57e86B18c2a1ec, poolId: 0x5758444300000000000000000000000000000000000000000000000000000000, debtShare: 0, safetyBuffer: 7517040378829840039340874407101598854887218046000[39m
2022-10-19 14:42:54:4254 [37mdebug[39m: [37mPosition9 address : 0xF49f9F18d9c6d3f7dB81C7aab037B9341f7e2299, poolId: 0x5758444300000000000000000000000000000000000000000000000000000000, debtShare: 0, safetyBuffer: 75170403788298395507332497831619914116541353450000[39m
2022-10-19 14:42:54:4254 [37mdebug[39m: [37mPosition10 address : 0x8E5c07E7634e411e1a653c2c748695Fbf764a3E4, poolId: 0x5758444300000000000000000000000000000000000000000000000000000000, debtShare: 0, safetyBuffer: 0[39m
2022-10-19 14:42:54:4254 [37mdebug[39m: [37mPosition11 address : 0x39C8Ec4eB234A8CEbc12417b869d1f56318ca419, poolId: 0x5758444300000000000000000000000000000000000000000000000000000000, debtShare: 0, safetyBuffer: 0[39m
2022-10-19 14:42:54:4254 [37mdebug[39m: [37mPosition12 address : 0x949F86ba34A2DD2757fC118cB73d99ac61D52235, poolId: 0x5758444300000000000000000000000000000000000000000000000000000000, debtShare: 0, safetyBuffer: 3420253372367577252102631578907000[39m
2022-10-19 14:42:54:4254 [37mdebug[39m: [37mPosition13 address : 0x57A0f1205Db62D0Da79938B843a6b66B6e054235, poolId: 0x555344542d535441424c45000000000000000000000000000000000000000000, debtShare: 0, safetyBuffer: 0[39m
2022-10-19 14:42:54:4254 [37mdebug[39m: [37mPosition14 address : 0xf773D79583f5E62497E2Bf1E2104002fBa837194, poolId: 0x5758444300000000000000000000000000000000000000000000000000000000, debtShare: 0, safetyBuffer: 0[39m
2022-10-19 14:42:54:4254 [37mdebug[39m: [37mPosition15 address : 0x9bC4FC3349D84c8Ae040829535D00DD8A61C5821, poolId: 0x5758444300000000000000000000000000000000000000000000000000000000, debtShare: 0, safetyBuffer: 0[39m
2022-10-19 14:42:54:4254 [37mdebug[39m: [37mPosition16 address : 0x3773bC1Fc7a3696Db52863A162452B945720e300, poolId: 0x5758444300000000000000000000000000000000000000000000000000000000, debtShare: 0, safetyBuffer: 0[39m
2022-10-19 14:42:54:4254 [37mdebug[39m: [37mPosition17 address : 0x476d7194737612539D37E266FD84cCaFc2BeBB34, poolId: 0x555344542d535441424c45000000000000000000000000000000000000000000, debtShare: 0, safetyBuffer: 0[39m
2022-10-19 14:42:54:4254 [37mdebug[39m: [37mPosition18 address : 0xbc685859292de1BA72e01c0357629E2a3e71ade6, poolId: 0x5758444300000000000000000000000000000000000000000000000000000000, debtShare: 0, safetyBuffer: 0[39m
2022-10-19 14:42:54:4254 [37mdebug[39m: [37mPosition19 address : 0x1c0012995A93F8EE7A883Ebe91681C9D1c070D55, poolId: 0x5758444300000000000000000000000000000000000000000000000000000000, debtShare: 0, safetyBuffer: 0[39m
2022-10-19 14:42:54:4254 [37mdebug[39m: [37mFetching positions at index 81...[39m
2022-10-19 14:42:55:4255 [37mdebug[39m: [37mPosition0 address : 0xb24B6B49aD1C625A30847aD3F881A9347E26440B, poolId: 0x555344542d535441424c45000000000000000000000000000000000000000000, debtShare: 0, safetyBuffer: 0[39m
2022-10-19 14:42:55:4255 [37mdebug[39m: [37mPosition1 address : 0xa96432759D40b0abC792BBa1748C72d28f46b4E8, poolId: 0x5758444300000000000000000000000000000000000000000000000000000000, debtShare: 0, safetyBuffer: 0[39m
2022-10-19 14:42:55:4255 [37mdebug[39m: [37mPosition2 address : 0xA995Da559E0017E8508ed274FaC3fbDCE72FB079, poolId: 0x555344542d535441424c45000000000000000000000000000000000000000000, debtShare: 0, safetyBuffer: 0[39m
2022-10-19 14:42:55:4255 [37mdebug[39m: [37mPosition3 address : 0x14602BfA8D39F39d81277c6AE02e7c50f182d616, poolId: 0x5758444300000000000000000000000000000000000000000000000000000000, debtShare: 0, safetyBuffer: 0[39m
2022-10-19 14:42:55:4255 [37mdebug[39m: [37mPosition4 address : 0x9CD970A13Fbd4BF8ae275270920aAB57A2a59734, poolId: 0x5758444300000000000000000000000000000000000000000000000000000000, debtShare: 0, safetyBuffer: 0[39m
2022-10-19 14:42:55:4255 [37mdebug[39m: [37mPosition5 address : 0x27C9500D133cab19Fc5E1F3393164EF7eB48EC6c, poolId: 0x555344542d535441424c45000000000000000000000000000000000000000000, debtShare: 0, safetyBuffer: 0[39m
2022-10-19 14:42:55:4255 [37mdebug[39m: [37mPosition6 address : 0x4391EE1996520f3AD00682C66a1EAcb3ebD61706, poolId: 0x5758444300000000000000000000000000000000000000000000000000000000, debtShare: 0, safetyBuffer: 0[39m
2022-10-19 14:42:55:4255 [37mdebug[39m: [37mPosition7 address : 0xA03Fa89717D90538b4bA8D1B4B85894A1F16b806, poolId: 0x5758444300000000000000000000000000000000000000000000000000000000, debtShare: 0, safetyBuffer: 3517040378829839854675194557823901502343640054286[39m
2022-10-19 14:42:55:4255 [37mdebug[39m: [37mPosition8 address : 0xe2C4B5E9e8194F7140FDD6754ad970Fd72b688D5, poolId: 0x5758444300000000000000000000000000000000000000000000000000000000, debtShare: 0, safetyBuffer: 383369059320321845840075187965400[39m
2022-10-19 14:42:55:4255 [37mdebug[39m: [37mPosition9 address : 0x5647133cceeAb520e84C4fCEEdbe14178dfcA56f, poolId: 0x5758444300000000000000000000000000000000000000000000000000000000, debtShare: 0, safetyBuffer: 0[39m
2022-10-19 14:42:55:4255 [37mdebug[39m: [37mPosition10 address : 0x6c20b277699d5Ea4B8661Fcf5F8D046d5d40a2cc, poolId: 0x5758444300000000000000000000000000000000000000000000000000000000, debtShare: 0, safetyBuffer: 0[39m
2022-10-19 14:42:55:4255 [37mdebug[39m: [37mPosition11 address : 0x7DBfd75ffCC2C303405aCdD7C6f784DF6A55f21a, poolId: 0x5758444300000000000000000000000000000000000000000000000000000000, debtShare: 0, safetyBuffer: 0[39m
2022-10-19 14:42:55:4255 [37mdebug[39m: [37mPosition12 address : 0xfB5C22c3C732483524dd3d1B4e7F27Ed074ac3F8, poolId: 0x555344542d535441424c45000000000000000000000000000000000000000000, debtShare: 0, safetyBuffer: 0[39m
2022-10-19 14:42:55:4255 [37mdebug[39m: [37mPosition13 address : 0xdA3CD5E8e99788c16cd006a5C2D17b3629859123, poolId: 0x5758444300000000000000000000000000000000000000000000000000000000, debtShare: 0, safetyBuffer: 0[39m
2022-10-19 14:42:55:4255 [37mdebug[39m: [37mPosition14 address : 0xa13855F007eF770E44b30C4B7d757A99A54cD1B6, poolId: 0x5758444300000000000000000000000000000000000000000000000000000000, debtShare: 0, safetyBuffer: 105238565303617761603157894735600[39m
2022-10-19 14:42:55:4255 [37mdebug[39m: [37mPosition15 address : 0x6C8cB9344A412cd4C7b5F1F59495cF7bAEa3E9EB, poolId: 0x555344542d535441424c45000000000000000000000000000000000000000000, debtShare: 0, safetyBuffer: 0[39m
2022-10-19 14:42:55:4255 [37mdebug[39m: [37mPosition16 address : 0xF07114E6bB738e61D710d4fa4f6909D0d3E39466, poolId: 0x5758444300000000000000000000000000000000000000000000000000000000, debtShare: 0, safetyBuffer: 0[39m
2022-10-19 14:42:55:4255 [37mdebug[39m: [37mPosition17 address : 0x36c0fa027cc123Db633c30dF18F0E2A4400A417e, poolId: 0x555344542d535441424c45000000000000000000000000000000000000000000, debtShare: 0, safetyBuffer: 0[39m
2022-10-19 14:42:55:4255 [37mdebug[39m: [37mPosition18 address : 0x47e7D9dC67CdA78E15F0211e82f94134Ce599E7c, poolId: 0x5758444300000000000000000000000000000000000000000000000000000000, debtShare: 0, safetyBuffer: 451022422729790406870676691724000[39m
2022-10-19 14:42:55:4255 [37mdebug[39m: [37mPosition19 address : 0xd528e274F44fE545af802981a0aF46A77A9958f7, poolId: 0x5758444300000000000000000000000000000000000000000000000000000000, debtShare: 0, safetyBuffer: 0[39m
2022-10-19 14:42:55:4255 [37mdebug[39m: [37mFetching positions at index 101...[39m
2022-10-19 14:42:56:4256 [37mdebug[39m: [37mPosition0 address : 0x7A64Ae21416bB83659e3388A9dA360C42ED17dad, poolId: 0x5758444300000000000000000000000000000000000000000000000000000000, debtShare: 0, safetyBuffer: 0[39m
2022-10-19 14:42:56:4256 [37mdebug[39m: [37mPosition1 address : 0x8184ED1CBAa866677173B75de390C4a610598B25, poolId: 0x5758444300000000000000000000000000000000000000000000000000000000, debtShare: 0, safetyBuffer: 0[39m
2022-10-19 14:42:56:4256 [37mdebug[39m: [37mPosition2 address : 0xC7DB4768286483c0b826AbD7Fcb518EA716762FB, poolId: 0x5758444300000000000000000000000000000000000000000000000000000000, debtShare: 0, safetyBuffer: 0[39m
2022-10-19 14:42:56:4256 [37mdebug[39m: [37mPosition3 address : 0x5290221fF4CA9893B121ed6f64EA5564342a3AD7, poolId: 0x555344542d535441424c45000000000000000000000000000000000000000000, debtShare: 0, safetyBuffer: 0[39m
2022-10-19 14:42:56:4256 [37mdebug[39m: [37mPosition4 address : 0x4aba916cac6000e9295418DDe6e4cda015e3E885, poolId: 0x5758444300000000000000000000000000000000000000000000000000000000, debtShare: 0, safetyBuffer: 0[39m
2022-10-19 14:42:56:4256 [37mdebug[39m: [37mPosition5 address : 0x521721d7a44272c8fc5A66765dcaB0Bd823B3Ad9, poolId: 0x5758444300000000000000000000000000000000000000000000000000000000, debtShare: 0, safetyBuffer: 0[39m
2022-10-19 14:42:56:4256 [37mdebug[39m: [37mPosition6 address : 0xfBfC8c60fC7f60e1c008bF49930CCe75fBE48919, poolId: 0x5758444300000000000000000000000000000000000000000000000000000000, debtShare: 0, safetyBuffer: 37585201894149200572556390977000[39m
2022-10-19 14:42:56:4256 [37mdebug[39m: [37mPosition7 address : 0xaFbE45E491941f60FFeB62cf74e334047DD3c9e5, poolId: 0x5758444300000000000000000000000000000000000000000000000000000000, debtShare: 744000000000000000000, safetyBuffer: 7704037882984011451127819540000000000000000000[39m
2022-10-19 14:42:56:4256 [37mdebug[39m: [37mPosition8 address : 0xF68196A4DD5C766227f07cC9D46084Dc137a9f37, poolId: 0x555344542d535441424c45000000000000000000000000000000000000000000, debtShare: 0, safetyBuffer: 0[39m
2022-10-19 14:42:56:4256 [37mdebug[39m: [37mPosition9 address : 0xABe17172040f24253011cF325D7293e5e36F5988, poolId: 0x555344542d535441424c45000000000000000000000000000000000000000000, debtShare: 4000000000000000000, safetyBuffer: 2000000000000000000000000000000000000000000000[39m
2022-10-19 14:42:56:4256 [37mdebug[39m: [37mPosition10 address : 0x4140Be921396f56ABD0e69ff20Fe709A04d8D8b3, poolId: 0x555344542d535441424c45000000000000000000000000000000000000000000, debtShare: 0, safetyBuffer: 0[39m
2022-10-19 14:42:56:4256 [37mdebug[39m: [37mPosition11 address : 0xeeeb8715686fC884491B889F94Caa4aAFF7f69e7, poolId: 0x4654484d00000000000000000000000000000000000000000000000000000000, debtShare: 0, safetyBuffer: 0[39m
2022-10-19 14:42:56:4256 [37mdebug[39m: [37mPosition12 address : 0x0C572a9d93615fc11921102dc608A4EFEBce1De6, poolId: 0x4654484d00000000000000000000000000000000000000000000000000000000, debtShare: 0, safetyBuffer: 0[39m
2022-10-19 14:42:56:4256 [37mdebug[39m: [37mPosition13 address : 0x99ED6E1e16C293D387DC95883b04B34F864ff55E, poolId: 0x4654484d00000000000000000000000000000000000000000000000000000000, debtShare: 0, safetyBuffer: 0[39m
2022-10-19 14:42:56:4256 [37mdebug[39m: [37mPosition14 address : 0x13c8572851c93D4FBFE6f02e791B91d1dc855583, poolId: 0x4654484d00000000000000000000000000000000000000000000000000000000, debtShare: 0, safetyBuffer: 0[39m
2022-10-19 14:42:56:4256 [37mdebug[39m: [37mPosition15 address : 0x27bBe7Af0470e2cCF68d3b556da55D68FB94c4f4, poolId: 0x5758444300000000000000000000000000000000000000000000000000000000, debtShare: 0, safetyBuffer: 0[39m
2022-10-19 14:42:56:4256 [37mdebug[39m: [37mPosition16 address : 0xaaC9C2486bC5b45A466746994465237D918F4728, poolId: 0x555344542d535441424c45000000000000000000000000000000000000000000, debtShare: 0, safetyBuffer: 0[39m
2022-10-19 14:42:56:4256 [37mdebug[39m: [37mPosition17 address : 0xCa3298B1130544C0D48B024D863932c7415A6d9d, poolId: 0x4654484d00000000000000000000000000000000000000000000000000000000, debtShare: 0, safetyBuffer: 0[39m
2022-10-19 14:42:56:4256 [37mdebug[39m: [37mPosition18 address : 0x29b7e955A5710D727A23B40bf783F982b46E4695, poolId: 0x5758444300000000000000000000000000000000000000000000000000000000, debtShare: 0, safetyBuffer: 0[39m
2022-10-19 14:42:56:4256 [37mdebug[39m: [37mPosition19 address : 0xf531602585867493aFd01430712a2b62062F34C1, poolId: 0x5758444300000000000000000000000000000000000000000000000000000000, debtShare: 0, safetyBuffer: 0[39m
2022-10-19 14:42:56:4256 [37mdebug[39m: [37mFetching positions at index 121...[39m
2022-10-19 14:42:57:4257 [37mdebug[39m: [37mPosition0 address : 0x8E17104157a97F5B75359AF90b17C1AF1bE46Ada, poolId: 0x555344542d535441424c45000000000000000000000000000000000000000000, debtShare: 0, safetyBuffer: 0[39m
2022-10-19 14:42:57:4257 [37mdebug[39m: [37mPosition1 address : 0x6ACD1D7067BAf7DAaaA0F10a4d399445fD85DA6F, poolId: 0x5758444300000000000000000000000000000000000000000000000000000000, debtShare: 0, safetyBuffer: 0[39m
2022-10-19 14:42:57:4257 [37mdebug[39m: [37mPosition2 address : 0x825866ec96A5501A34B4D511A65783E8626916Fd, poolId: 0x4654484d00000000000000000000000000000000000000000000000000000000, debtShare: 0, safetyBuffer: 0[39m
2022-10-19 14:42:57:4257 [37mdebug[39m: [37mPosition3 address : 0x11d72bED5c223A17737c0724E12320dC412a0530, poolId: 0x5758444300000000000000000000000000000000000000000000000000000000, debtShare: 0, safetyBuffer: 0[39m
2022-10-19 14:42:57:4257 [37mdebug[39m: [37mPosition4 address : 0x736a1cEBc84CC8406b6136c3d20dfd40e1CC0788, poolId: 0x5758444300000000000000000000000000000000000000000000000000000000, debtShare: 0, safetyBuffer: 0[39m
2022-10-19 14:42:57:4257 [37mdebug[39m: [37mPosition5 address : 0x22a7B52b50A6709dD951F7481E1ED0e981d3791D, poolId: 0x555344542d535441424c45000000000000000000000000000000000000000000, debtShare: 0, safetyBuffer: 0[39m
2022-10-19 14:42:57:4257 [37mdebug[39m: [37mPosition6 address : 0x58dE4e2d77dE1D79EE061D180E9C86B6Ce71208D, poolId: 0x4654484d00000000000000000000000000000000000000000000000000000000, debtShare: 0, safetyBuffer: 0[39m
2022-10-19 14:42:57:4257 [37mdebug[39m: [37mPosition7 address : 0x3372158Ab2F12440aC3677BA33D4E186deBC4507, poolId: 0x555344542d535441424c45000000000000000000000000000000000000000000, debtShare: 0, safetyBuffer: 0[39m
2022-10-19 14:42:57:4257 [37mdebug[39m: [37mPosition8 address : 0x3BF4eA9e68C1740d7eC011Ed883A53F6774B2697, poolId: 0x4654484d00000000000000000000000000000000000000000000000000000000, debtShare: 0, safetyBuffer: 0[39m
2022-10-19 14:42:57:4257 [37mdebug[39m: [37mPosition9 address : 0x72e9059a26f6Fc6c7c6AAc5804a8f8F2F569E32D, poolId: 0x5758444300000000000000000000000000000000000000000000000000000000, debtShare: 0, safetyBuffer: 0[39m
2022-10-19 14:42:57:4257 [37mdebug[39m: [37mPosition10 address : 0xE5C3F4ABcB9bb142B27638f45d204630ef014B1F, poolId: 0x5758444300000000000000000000000000000000000000000000000000000000, debtShare: 0, safetyBuffer: 0[39m
2022-10-19 14:42:57:4257 [37mdebug[39m: [37mPosition11 address : 0xeeE01A28E58871fB4e68002bAb4268034BfDE284, poolId: 0x555344542d535441424c45000000000000000000000000000000000000000000, debtShare: 0, safetyBuffer: 0[39m
2022-10-19 14:42:57:4257 [37mdebug[39m: [37mPosition12 address : 0xcb92969534717df05d54E0e399eA024782CAe37C, poolId: 0x4654484d00000000000000000000000000000000000000000000000000000000, debtShare: 0, safetyBuffer: 0[39m
2022-10-19 14:42:57:4257 [37mdebug[39m: [37mPosition13 address : 0x10FaC5cEe9d652Ae2010641f748d018ED4006957, poolId: 0x5758444300000000000000000000000000000000000000000000000000000000, debtShare: 0, safetyBuffer: 0[39m
2022-10-19 14:42:57:4257 [37mdebug[39m: [37mPosition14 address : 0x355BDEDbe3BfbAb8F29510C421c4e8B51fd37caa, poolId: 0x555344542d535441424c45000000000000000000000000000000000000000000, debtShare: 0, safetyBuffer: 0[39m
2022-10-19 14:42:57:4257 [37mdebug[39m: [37mPosition15 address : 0xCc5409F9B9161279e3c301e143703D16EEBe4536, poolId: 0x4654484d00000000000000000000000000000000000000000000000000000000, debtShare: 0, safetyBuffer: 0[39m
2022-10-19 14:42:57:4257 [37mdebug[39m: [37mPosition16 address : 0x89297Ffe93A22D9f041ac017ee5Aa75A7620cd6a, poolId: 0x5758444300000000000000000000000000000000000000000000000000000000, debtShare: 0, safetyBuffer: 535964979010567600164654135332020[39m
2022-10-19 14:42:57:4257 [37mdebug[39m: [37mPosition17 address : 0x5B7e2354a94600292F171bf7f9EB0D93964838Fd, poolId: 0x555344542d535441424c45000000000000000000000000000000000000000000, debtShare: 0, safetyBuffer: 0[39m
2022-10-19 14:42:57:4257 [37mdebug[39m: [37mPosition18 address : 0xD2802e3b6dcb85A202a8D3B4Ee61cd2035c63527, poolId: 0x4654484d00000000000000000000000000000000000000000000000000000000, debtShare: 0, safetyBuffer: 0[39m
2022-10-19 14:42:57:4257 [37mdebug[39m: [37mPosition19 address : 0xB0790564E7Ac9Cb46b3676bF7debC816bFB1D2bD, poolId: 0x5758444300000000000000000000000000000000000000000000000000000000, debtShare: 0, safetyBuffer: 0[39m
2022-10-19 14:42:57:4257 [37mdebug[39m: [37mFetching positions at index 141...[39m
2022-10-19 14:42:57:4257 [37mdebug[39m: [37mPosition0 address : 0xe8B42d9E6feA9E4AED67D11E4ceB444d45a95210, poolId: 0x555344542d535441424c45000000000000000000000000000000000000000000, debtShare: 0, safetyBuffer: 0[39m
2022-10-19 14:42:57:4257 [37mdebug[39m: [37mPosition1 address : 0x85A704dB37f547C68D2A0b8e30C23D3D81Cdc889, poolId: 0x4654484d00000000000000000000000000000000000000000000000000000000, debtShare: 0, safetyBuffer: 511278195488721202155388470837093734335840000[39m
2022-10-19 14:42:57:4257 [37mdebug[39m: [37mPosition2 address : 0x82CcF569215B7b22d4ADE1a557fbd249CDF3cf9b, poolId: 0x555344542d535441424c45000000000000000000000000000000000000000000, debtShare: 0, safetyBuffer: 0[39m
2022-10-19 14:42:57:4257 [37mdebug[39m: [37mPosition3 address : 0x4891c064C9c71ebB4c6594c2A0df81900766CeE5, poolId: 0x5758444300000000000000000000000000000000000000000000000000000000, debtShare: 0, safetyBuffer: 0[39m
2022-10-19 14:42:57:4257 [37mdebug[39m: [37mPosition4 address : 0xC9B19625ED5abFece1B8CC83Fe5847EFa7e2CdFf, poolId: 0x5758444300000000000000000000000000000000000000000000000000000000, debtShare: 0, safetyBuffer: 225511211364895203435338345862000[39m
2022-10-19 14:42:57:4257 [37mdebug[39m: [37mPosition5 address : 0x27aE30C38c2336312d26d700fcE7B7867c7c902F, poolId: 0x5758444300000000000000000000000000000000000000000000000000000000, debtShare: 0, safetyBuffer: 0[39m
2022-10-19 14:42:57:4257 [37mdebug[39m: [37mPosition6 address : 0x096394451bB8f06f0E2459DCA3Cbf67F1df163ca, poolId: 0x5758444300000000000000000000000000000000000000000000000000000000, debtShare: 0, safetyBuffer: 0[39m
2022-10-19 14:42:57:4257 [37mdebug[39m: [37mPosition7 address : 0x28F794Ec03a174A012d05dAd4FA8C1af50910F7d, poolId: 0x5758444300000000000000000000000000000000000000000000000000000000, debtShare: 0, safetyBuffer: 0[39m
2022-10-19 14:42:57:4257 [37mdebug[39m: [37mPosition8 address : 0x536BAF46B5cD09d15484bE13d749Eaa088fF96Db, poolId: 0x555344542d535441424c45000000000000000000000000000000000000000000, debtShare: 0, safetyBuffer: 0[39m
2022-10-19 14:42:57:4257 [37mdebug[39m: [37mPosition9 address : 0xBD1dA93a5a76321D7c506F3c279750F0c30Cf3bF, poolId: 0x5758444300000000000000000000000000000000000000000000000000000000, debtShare: 0, safetyBuffer: 0[39m
2022-10-19 14:42:57:4257 [37mdebug[39m: [37mPosition10 address : 0xe4e92fd8dAFa11A68fE12aA343f2C86C419B89c0, poolId: 0x5758444300000000000000000000000000000000000000000000000000000000, debtShare: 0, safetyBuffer: 0[39m
2022-10-19 14:42:57:4257 [37mdebug[39m: [37mPosition11 address : 0x9a1E9DB2bfc753d7f3465fCF81c6d91e2Bd8E70b, poolId: 0x5758444300000000000000000000000000000000000000000000000000000000, debtShare: 0, safetyBuffer: 0[39m
2022-10-19 14:42:57:4257 [37mdebug[39m: [37mPosition12 address : 0x9198f281f011354E349E667CAE836A3ec970454c, poolId: 0x555344542d535441424c45000000000000000000000000000000000000000000, debtShare: 0, safetyBuffer: 0[39m
2022-10-19 14:42:57:4257 [37mdebug[39m: [37mPosition13 address : 0xD355193d82B33707f649Eedc09eCE2eF183dAED4, poolId: 0x4654484d00000000000000000000000000000000000000000000000000000000, debtShare: 0, safetyBuffer: 0[39m
2022-10-19 14:42:57:4257 [37mdebug[39m: [37mPosition14 address : 0xEAC868D8b8aa9e8B7f7176156c8BECFea5679716, poolId: 0x5758444300000000000000000000000000000000000000000000000000000000, debtShare: 0, safetyBuffer: 0[39m
2022-10-19 14:42:57:4257 [37mdebug[39m: [37mPosition15 address : 0x9D9313C08321b8b1a6dDa722C2F7763c33f027Ae, poolId: 0x555344542d535441424c45000000000000000000000000000000000000000000, debtShare: 0, safetyBuffer: 0[39m
2022-10-19 14:42:57:4257 [37mdebug[39m: [37mPosition16 address : 0x269533fE43e2b0005eB33F7d3dcb9dDAE05723d4, poolId: 0x4654484d00000000000000000000000000000000000000000000000000000000, debtShare: 0, safetyBuffer: 0[39m
2022-10-19 14:42:57:4257 [37mdebug[39m: [37mPosition17 address : 0xDBb863Fba25c6e5E6075C7CB2d52d149fE40A7cc, poolId: 0x5758444300000000000000000000000000000000000000000000000000000000, debtShare: 0, safetyBuffer: 0[39m
2022-10-19 14:42:57:4257 [37mdebug[39m: [37mPosition18 address : 0x377B0Bc0c3937c84E3E2Ae2b70539cA74739eFC7, poolId: 0x5758444300000000000000000000000000000000000000000000000000000000, debtShare: 0, safetyBuffer: 0[39m
2022-10-19 14:42:57:4257 [37mdebug[39m: [37mPosition19 address : 0x6399886c9c814b69E82e9c6F68dBe2D6f8eDAC7E, poolId: 0x555344542d535441424c45000000000000000000000000000000000000000000, debtShare: 0, safetyBuffer: 0[39m
2022-10-19 14:42:57:4257 [37mdebug[39m: [37mFetching positions at index 161...[39m
2022-10-19 14:42:58:4258 [37mdebug[39m: [37mPosition0 address : 0x6e058ee6fCF3eDCb02369C8a176f4b892f44048F, poolId: 0x4654484d00000000000000000000000000000000000000000000000000000000, debtShare: 0, safetyBuffer: 0[39m
2022-10-19 14:42:58:4258 [37mdebug[39m: [37mPosition1 address : 0xB9E72979561a5a04AfD6094a23688ED39E4795Ed, poolId: 0x5758444300000000000000000000000000000000000000000000000000000000, debtShare: 0, safetyBuffer: 0[39m
2022-10-19 14:42:58:4258 [37mdebug[39m: [37mPosition2 address : 0xb2486A317A27503b4Ac779ecAab2B17c01E0556a, poolId: 0x4654484d00000000000000000000000000000000000000000000000000000000, debtShare: 0, safetyBuffer: 0[39m
2022-10-19 14:42:58:4258 [37mdebug[39m: [37mPosition3 address : 0xc5699C2cD58196508b846e293f420d99E6bbfFAb, poolId: 0x4654484d00000000000000000000000000000000000000000000000000000000, debtShare: 0, safetyBuffer: 0[39m
2022-10-19 14:42:58:4258 [37mdebug[39m: [37mPosition4 address : 0x1252eC83a61308bBaA83e7A7Ca2D3879c29C0FFA, poolId: 0x5758444300000000000000000000000000000000000000000000000000000000, debtShare: 0, safetyBuffer: 0[39m
2022-10-19 14:42:58:4258 [37mdebug[39m: [37mPosition5 address : 0x3C9C95345084Ab7307EA625C8c54996349785BA1, poolId: 0x4654484d00000000000000000000000000000000000000000000000000000000, debtShare: 0, safetyBuffer: 0[39m
2022-10-19 14:42:58:4258 [37mdebug[39m: [37mPosition6 address : 0xd24dE8a45b94D693De8655eB3eAd27404394b25c, poolId: 0x5758444300000000000000000000000000000000000000000000000000000000, debtShare: 0, safetyBuffer: 0[39m
2022-10-19 14:42:58:4258 [37mdebug[39m: [37mPosition7 address : 0xb9B6F058FeFFD101c8b164566683990a39878c4E, poolId: 0x4654484d00000000000000000000000000000000000000000000000000000000, debtShare: 0, safetyBuffer: 0[39m
2022-10-19 14:45:29:4529 [32minfo[39m: [32m#### MongoDB URL : mongodb+srv://fathombot:fathom@123@cluster0.p8ubklu.mongodb.net/?retryWrites=true&w=majority ###[39m
2022-10-19 14:45:29:4529 [37mdebug[39m: [37mConnected to worker IPC[39m
2022-10-19 14:45:29:4529 [37mdebug[39m: [37mSearching for positions...[39m
2022-10-19 14:45:29:4529 [37mdebug[39m: [37mFetching positions at index 1...[39m
2022-10-19 17:16:33:1633 [32minfo[39m: [32m#### MongoDB URL : mongodb+srv://fathombot:fathom@123@cluster0.p8ubklu.mongodb.net/?retryWrites=true&w=majority ###[39m
2022-10-19 17:16:33:1633 [37mdebug[39m: [37mConnected to worker IPC[39m
2022-10-19 17:16:33:1633 [37mdebug[39m: [37mSearching for positions...[39m
2022-10-19 17:16:33:1633 [37mdebug[39m: [37mFetching positions at index 1...[39m
2022-10-19 17:16:34:1634 [32minfo[39m: [32mTotal risky positions 20[39m
2022-10-19 17:16:34:1634 [37mdebug[39m: [37mFetching positions at index 21...[39m
2022-10-19 17:16:35:1635 [32minfo[39m: [32mTotal risky positions 20[39m
2022-10-19 17:16:35:1635 [37mdebug[39m: [37mFetching positions at index 41...[39m
2022-10-19 17:16:36:1636 [32minfo[39m: [32mTotal risky positions 20[39m
2022-10-19 17:16:36:1636 [37mdebug[39m: [37mFetching positions at index 61...[39m
2022-10-19 17:16:36:1636 [37mdebug[39m: [37mPosition1 address : 0xD0FdE3349a9745C52d96C332a4f80AA9696C65ed, poolId: 0x5758444300000000000000000000000000000000000000000000000000000000, debtShare: 10000000000000000000, safetyBuffer: 65170403788298401145112781954000000000000000000[39m
2022-10-19 17:16:36:1636 [32minfo[39m: [32mTotal risky positions 20[39m
2022-10-19 17:16:36:1636 [37mdebug[39m: [37mFetching positions at index 81...[39m
2022-10-19 17:16:37:1637 [32minfo[39m: [32mTotal risky positions 20[39m
2022-10-19 17:16:37:1637 [37mdebug[39m: [37mFetching positions at index 101...[39m
2022-10-19 17:16:38:1638 [37mdebug[39m: [37mPosition7 address : 0xaFbE45E491941f60FFeB62cf74e334047DD3c9e5, poolId: 0x5758444300000000000000000000000000000000000000000000000000000000, debtShare: 744000000000000000000, safetyBuffer: 7704037882984011451127819540000000000000000000[39m
2022-10-19 17:16:38:1638 [37mdebug[39m: [37mPosition9 address : 0xABe17172040f24253011cF325D7293e5e36F5988, poolId: 0x555344542d535441424c45000000000000000000000000000000000000000000, debtShare: 4000000000000000000, safetyBuffer: 2000000000000000000000000000000000000000000000[39m
2022-10-19 17:16:38:1638 [32minfo[39m: [32mTotal risky positions 20[39m
2022-10-19 17:16:38:1638 [37mdebug[39m: [37mFetching positions at index 121...[39m
2022-10-19 17:16:39:1639 [32minfo[39m: [32mTotal risky positions 20[39m
2022-10-19 17:16:39:1639 [37mdebug[39m: [37mFetching positions at index 141...[39m
2022-10-19 17:16:39:1639 [32minfo[39m: [32mTotal risky positions 20[39m
2022-10-19 17:16:39:1639 [37mdebug[39m: [37mFetching positions at index 161...[39m
2022-10-19 17:16:40:1640 [32minfo[39m: [32mTotal risky positions 8[39m
2022-10-19 17:18:25:1825 [31merror[39m: [31mExited cleanly[39m
2022-10-19 17:24:03:243 [32minfo[39m: [32m#### MongoDB URL : mongodb+srv://fathombot:fathom@123@cluster0.p8ubklu.mongodb.net/?retryWrites=true&w=majority ###[39m
2022-10-19 17:24:09:249 [37mdebug[39m: [37mConnected to worker IPC[39m
2022-10-19 17:24:09:249 [37mdebug[39m: [37mSearching for positions...[39m
2022-10-19 17:24:09:249 [37mdebug[39m: [37mFetching positions at index 1...[39m
2022-10-19 17:24:10:2410 [32minfo[39m: [32mTotal risky positions 20[39m
2022-10-19 17:24:10:2410 [37mdebug[39m: [37mFetching positions at index 21...[39m
2022-10-19 17:24:10:2410 [32minfo[39m: [32mTotal risky positions 20[39m
2022-10-19 17:24:10:2410 [37mdebug[39m: [37mFetching positions at index 41...[39m
2022-10-19 17:24:11:2411 [32minfo[39m: [32mTotal risky positions 20[39m
2022-10-19 17:24:11:2411 [37mdebug[39m: [37mFetching positions at index 61...[39m
2022-10-19 17:24:11:2411 [37mdebug[39m: [37mPosition1 address : 0xD0FdE3349a9745C52d96C332a4f80AA9696C65ed, poolId: 0x5758444300000000000000000000000000000000000000000000000000000000, debtShare: 10000000000000000000, safetyBuffer: 65170403788298401145112781954000000000000000000[39m
2022-10-19 17:24:11:2411 [32minfo[39m: [32mTotal risky positions 20[39m
2022-10-19 17:24:11:2411 [37mdebug[39m: [37mFetching positions at index 81...[39m
2022-10-19 17:24:11:2411 [32minfo[39m: [32mTotal risky positions 20[39m
2022-10-19 17:24:11:2411 [37mdebug[39m: [37mFetching positions at index 101...[39m
2022-10-19 17:24:11:2411 [37mdebug[39m: [37mPosition7 address : 0xaFbE45E491941f60FFeB62cf74e334047DD3c9e5, poolId: 0x5758444300000000000000000000000000000000000000000000000000000000, debtShare: 744000000000000000000, safetyBuffer: 7704037882984011451127819540000000000000000000[39m
2022-10-19 17:24:11:2411 [37mdebug[39m: [37mPosition9 address : 0xABe17172040f24253011cF325D7293e5e36F5988, poolId: 0x555344542d535441424c45000000000000000000000000000000000000000000, debtShare: 4000000000000000000, safetyBuffer: 2000000000000000000000000000000000000000000000[39m
2022-10-19 17:24:11:2411 [32minfo[39m: [32mTotal risky positions 20[39m
2022-10-19 17:24:11:2411 [37mdebug[39m: [37mFetching positions at index 121...[39m
2022-10-19 17:24:11:2411 [32minfo[39m: [32mTotal risky positions 20[39m
2022-10-19 17:24:11:2411 [37mdebug[39m: [37mFetching positions at index 141...[39m
2022-10-19 17:24:12:2412 [32minfo[39m: [32mTotal risky positions 20[39m
2022-10-19 17:24:12:2412 [37mdebug[39m: [37mFetching positions at index 161...[39m
2022-10-19 17:24:12:2412 [32minfo[39m: [32mTotal risky positions 8[39m
2022-10-19 17:26:13:2613 [31merror[39m: [31mExited cleanly[39m
2022-10-19 17:29:56:2956 [32minfo[39m: [32m#### MongoDB URL : mongodb+srv://fathombot:fathom@123@cluster0.p8ubklu.mongodb.net/?retryWrites=true&w=majority ###[39m
2022-10-19 17:30:43:3043 [37mdebug[39m: [37mConnected to worker IPC[39m
2022-10-19 17:30:43:3043 [37mdebug[39m: [37mSearching for positions...[39m
2022-10-19 17:30:43:3043 [37mdebug[39m: [37mFetching positions at index 1...[39m
2022-10-19 17:30:46:3046 [37mdebug[39m: [37mFetching positions at index 21...[39m
2022-10-19 17:30:47:3047 [37mdebug[39m: [37mFetching positions at index 41...[39m
2022-10-19 17:30:48:3048 [37mdebug[39m: [37mFetching positions at index 61...[39m
2022-10-19 17:30:48:3048 [37mdebug[39m: [37mPosition1 address : 0xD0FdE3349a9745C52d96C332a4f80AA9696C65ed, poolId: 0x5758444300000000000000000000000000000000000000000000000000000000, debtShare: 10000000000000000000, safetyBuffer: 65170403788298401145112781954000000000000000000[39m
2022-10-19 17:30:48:3048 [37mdebug[39m: [37mFetching positions at index 81...[39m
2022-10-19 17:30:49:3049 [37mdebug[39m: [37mFetching positions at index 101...[39m
2022-10-19 17:30:49:3049 [37mdebug[39m: [37mPosition7 address : 0xaFbE45E491941f60FFeB62cf74e334047DD3c9e5, poolId: 0x5758444300000000000000000000000000000000000000000000000000000000, debtShare: 744000000000000000000, safetyBuffer: 7704037882984011451127819540000000000000000000[39m
2022-10-19 17:30:49:3049 [37mdebug[39m: [37mPosition9 address : 0xABe17172040f24253011cF325D7293e5e36F5988, poolId: 0x555344542d535441424c45000000000000000000000000000000000000000000, debtShare: 4000000000000000000, safetyBuffer: 2000000000000000000000000000000000000000000000[39m
2022-10-19 17:30:49:3049 [37mdebug[39m: [37mFetching positions at index 121...[39m
2022-10-19 17:30:51:3051 [37mdebug[39m: [37mFetching positions at index 141...[39m
2022-10-19 17:30:52:3052 [37mdebug[39m: [37mFetching positions at index 161...[39m
2022-10-19 17:32:59:3259 [37mdebug[39m: [37mConnected to worker IPC[39m
2022-10-19 17:32:59:3259 [37mdebug[39m: [37mSearching for positions...[39m
2022-10-19 17:32:59:3259 [37mdebug[39m: [37mFetching positions at index 1...[39m
2022-10-19 17:32:59:3259 [37mdebug[39m: [37mFetching positions at index 21...[39m
2022-10-19 17:33:00:330 [37mdebug[39m: [37mFetching positions at index 41...[39m
2022-10-19 17:33:02:332 [37mdebug[39m: [37mFetching positions at index 61...[39m
2022-10-19 17:33:08:338 [37mdebug[39m: [37mPosition1 address : 0xD0FdE3349a9745C52d96C332a4f80AA9696C65ed, poolId: 0x5758444300000000000000000000000000000000000000000000000000000000, debtShare: 10000000000000000000, safetyBuffer: 65170403788298401145112781954000000000000000000[39m
2022-10-19 17:33:08:338 [37mdebug[39m: [37mFetching positions at index 81...[39m
2022-10-19 17:33:10:3310 [37mdebug[39m: [37mFetching positions at index 101...[39m
2022-10-19 17:33:11:3311 [37mdebug[39m: [37mPosition7 address : 0xaFbE45E491941f60FFeB62cf74e334047DD3c9e5, poolId: 0x5758444300000000000000000000000000000000000000000000000000000000, debtShare: 744000000000000000000, safetyBuffer: 7704037882984011451127819540000000000000000000[39m
2022-10-19 17:33:11:3311 [37mdebug[39m: [37mPosition9 address : 0xABe17172040f24253011cF325D7293e5e36F5988, poolId: 0x555344542d535441424c45000000000000000000000000000000000000000000, debtShare: 4000000000000000000, safetyBuffer: 2000000000000000000000000000000000000000000000[39m
2022-10-19 17:33:11:3311 [37mdebug[39m: [37mFetching positions at index 121...[39m
2022-10-19 17:33:13:3313 [37mdebug[39m: [37mFetching positions at index 141...[39m
2022-10-19 17:33:15:3315 [37mdebug[39m: [37mFetching positions at index 161...[39m
2022-10-20 17:40:22:4022 [31merror[39m: [31mExited cleanly[39m
2022-10-20 17:40:42:4042 [32minfo[39m: [32m#### MongoDB URL : mongodb+srv://fathombot:fathom@123@cluster0.p8ubklu.mongodb.net/?retryWrites=true&w=majority ###[39m
2022-10-20 17:41:09:419 [37mdebug[39m: [37mConnected to worker IPC[39m
2022-10-20 17:41:09:419 [37mdebug[39m: [37mSearching for positions...[39m
2022-10-20 17:41:09:419 [37mdebug[39m: [37mFetching positions at index 1...[39m
2022-10-20 17:43:25:4325 [31merror[39m: [31mExited cleanly[39m
2022-10-20 17:43:34:4334 [32minfo[39m: [32m#### MongoDB URL : mongodb+srv://fathombot:fathom@123@cluster0.p8ubklu.mongodb.net/?retryWrites=true&w=majority ###[39m
2022-10-20 17:43:34:4334 [37mdebug[39m: [37mConnected to worker IPC[39m
2022-10-20 17:43:34:4334 [37mdebug[39m: [37mSearching for positions...[39m
2022-10-20 17:43:34:4334 [37mdebug[39m: [37mFetching positions at index 1...[39m
2022-10-27 16:50:47:5047 [32minfo[39m: [32m#### MongoDB URL : mongodb+srv://fathombot:fathom@123@cluster0.p8ubklu.mongodb.net/?retryWrites=true&w=majority ###[39m
2022-10-27 16:50:47:5047 [37mdebug[39m: [37mConnected to worker IPC[39m
2022-10-27 16:50:47:5047 [37mdebug[39m: [37mSearching for positions...[39m
2022-10-27 16:50:47:5047 [37mdebug[39m: [37mFetching positions at index 1...[39m
2022-10-27 16:51:30:5130 [31merror[39m: [31mExited cleanly[39m
2022-10-27 18:20:46:2046 [32minfo[39m: [32m#### MongoDB URL : mongodb+srv://fathombot:fathom@123@cluster0.p8ubklu.mongodb.net/?retryWrites=true&w=majority ###[39m
2022-10-27 18:20:46:2046 [37mdebug[39m: [37mConnected to worker IPC[39m
2022-10-27 18:20:46:2046 [37mdebug[39m: [37mSearching for positions...[39m
2022-10-27 18:20:46:2046 [37mdebug[39m: [37mFetching positions at index 1...[39m
2022-10-27 18:21:13:2113 [32minfo[39m: [32m#### MongoDB URL : mongodb+srv://fathombot:fathom@123@cluster0.p8ubklu.mongodb.net/?retryWrites=true&w=majority ###[39m
2022-10-27 18:21:13:2113 [37mdebug[39m: [37mConnected to worker IPC[39m
2022-10-27 18:21:13:2113 [37mdebug[39m: [37mSearching for positions...[39m
2022-10-27 18:21:13:2113 [37mdebug[39m: [37mFetching positions at index 1...[39m
2022-10-27 18:22:14:2214 [31merror[39m: [31mExited cleanly[39m
2022-10-27 18:22:24:2224 [32minfo[39m: [32m#### MongoDB URL : mongodb+srv://fathombot:fathom@123@cluster0.p8ubklu.mongodb.net/?retryWrites=true&w=majority ###[39m
2022-10-27 18:22:24:2224 [37mdebug[39m: [37mConnected to worker IPC[39m
2022-10-27 18:22:24:2224 [37mdebug[39m: [37mSearching for positions...[39m
2022-10-27 18:22:24:2224 [37mdebug[39m: [37mFetching positions at index 1...[39m
2022-10-27 18:27:20:2720 [31merror[39m: [31mExited cleanly[39m
2022-10-27 18:30:32:3032 [32minfo[39m: [32m#### MongoDB URL : mongodb+srv://fathombot:fathom@123@cluster0.p8ubklu.mongodb.net/?retryWrites=true&w=majority ###[39m
2022-10-27 18:30:32:3032 [37mdebug[39m: [37mConnected to worker IPC[39m
2022-10-27 18:30:32:3032 [37mdebug[39m: [37mSearching for positions...[39m
2022-10-27 18:30:32:3032 [37mdebug[39m: [37mFetching positions at index 1...[39m
2022-10-27 18:30:36:3036 [31merror[39m: [31mExited cleanly[39m
2022-10-27 18:31:16:3116 [32minfo[39m: [32m#### MongoDB URL : mongodb+srv://fathombot:fathom@123@cluster0.p8ubklu.mongodb.net/?retryWrites=true&w=majority ###[39m
2022-10-27 18:31:16:3116 [37mdebug[39m: [37mConnected to worker IPC[39m
2022-10-27 18:31:16:3116 [37mdebug[39m: [37mSearching for positions...[39m
2022-10-27 18:31:16:3116 [37mdebug[39m: [37mFetching positions at index 1...[39m
2022-10-28 10:51:09:519 [32minfo[39m: [32m#### MongoDB URL : mongodb+srv://fathombot:fathom@123@cluster0.p8ubklu.mongodb.net/?retryWrites=true&w=majority ###[39m
2022-10-28 10:51:09:519 [37mdebug[39m: [37mConnected to worker IPC[39m
2022-10-28 10:51:09:519 [37mdebug[39m: [37mSearching for positions...[39m
2022-10-28 10:51:09:519 [37mdebug[39m: [37mFetching positions at index 1...[39m
2022-10-28 10:52:56:5256 [31merror[39m: [31mExited cleanly[39m
2022-10-28 10:53:06:536 [32minfo[39m: [32m#### MongoDB URL : mongodb+srv://fathombot:fathom@123@cluster0.p8ubklu.mongodb.net/?retryWrites=true&w=majority ###[39m
2022-10-28 10:53:06:536 [37mdebug[39m: [37mConnected to worker IPC[39m
2022-10-28 10:53:06:536 [37mdebug[39m: [37mSearching for positions...[39m
2022-10-28 10:53:06:536 [37mdebug[39m: [37mFetching positions at index 1...[39m
2022-10-28 10:53:21:5321 [31merror[39m: [31mExited cleanly[39m
2022-10-28 10:53:35:5335 [32minfo[39m: [32m#### MongoDB URL : mongodb+srv://fathombot:fathom@123@cluster0.p8ubklu.mongodb.net/?retryWrites=true&w=majority ###[39m
2022-10-28 10:53:35:5335 [37mdebug[39m: [37mConnected to worker IPC[39m
2022-10-28 10:53:35:5335 [37mdebug[39m: [37mSearching for positions...[39m
2022-10-28 10:53:35:5335 [37mdebug[39m: [37mFetching positions at index 1...[39m
2022-10-28 10:53:56:5356 [31merror[39m: [31mExited cleanly[39m
2022-10-28 10:54:07:547 [32minfo[39m: [32m#### MongoDB URL : mongodb+srv://fathombot:fathom@123@cluster0.p8ubklu.mongodb.net/?retryWrites=true&w=majority ###[39m
2022-10-28 10:54:07:547 [37mdebug[39m: [37mConnected to worker IPC[39m
2022-10-28 10:54:07:547 [37mdebug[39m: [37mSearching for positions...[39m
2022-10-28 10:54:07:547 [37mdebug[39m: [37mFetching positions at index 1...[39m
2022-10-28 10:54:07:547 [32minfo[39m: [32mTotal risky positions 2[39m
2022-10-28 11:02:10:210 [31merror[39m: [31mExited cleanly[39m
2022-10-28 11:02:42:242 [32minfo[39m: [32m#### MongoDB URL : mongodb+srv://fathombot:fathom@123@cluster0.p8ubklu.mongodb.net/?retryWrites=true&w=majority ###[39m
2022-10-28 11:02:42:242 [37mdebug[39m: [37mConnected to worker IPC[39m
2022-10-28 11:02:42:242 [37mdebug[39m: [37mSearching for positions...[39m
2022-10-28 11:02:42:242 [37mdebug[39m: [37mFetching positions at index 1...[39m
2022-10-28 11:02:43:243 [32minfo[39m: [32mTotal risky positions 2[39m
2022-10-28 11:03:59:359 [32minfo[39m: [32mNew position opened.[39m
2022-10-28 11:03:59:359 [37mdebug[39m: [37mSearching for positions...[39m
2022-10-28 11:03:59:359 [37mdebug[39m: [37mFetching positions at index 1...[39m
2022-10-28 11:04:00:40 [32minfo[39m: [32mTotal risky positions 2[39m
2022-10-28 11:04:53:453 [31merror[39m: [31mExited cleanly[39m
